<?xml version="1.0" encoding="UTF-8"?>
<!-- Generated by org.testng.reporters.JUnitXMLReporter -->
<testsuite hostname="BLRSSH13852621" ignored="0" name="Command line test" tests="4" failures="0" timestamp="07 Mar 2018 04:48:00 GMT" time="108.59" errors="0">
  <testcase name="homeTest" time="21.063" classname="com.wordpress.testcases.HomePageTest"/>
  <testcase name="addnewPostsTest" time="27.969" classname="com.wordpress.testcases.PostsPageTest"/>
  <testcase name="addnewPostsTest" time="28.79" classname="com.wordpress.testcases.PostsPageTest"/>
  <testcase name="addnewPostsTest" time="27.265" classname="com.wordpress.testcases.PostsPageTest"/>
</testsuite> <!-- Command line test -->
