<?xml version="1.0" encoding="UTF-8"?>
<!-- Generated by org.testng.reporters.JUnitXMLReporter -->
<testsuite hostname="BLRSSH13852621" ignored="0" name="DS Application TestCases using POM Concept" tests="4" failures="0" timestamp="06 Mar 2018 03:40:13 GMT" time="111.49" errors="0">
  <testcase name="homeTest" time="21.607" classname="com.wordpress.testcases.HomePageTest"/>
  <testcase name="addnewPostsTest" time="28.471" classname="com.wordpress.testcases.PostsPageTest"/>
  <testcase name="addnewPostsTest" time="30.563" classname="com.wordpress.testcases.PostsPageTest"/>
  <testcase name="addnewPostsTest" time="29.396" classname="com.wordpress.testcases.PostsPageTest"/>
</testsuite> <!-- DS Application TestCases using POM Concept -->
