<?xml version="1.0" encoding="UTF-8"?>
<!-- Generated by org.testng.reporters.JUnitXMLReporter -->
<testsuite hostname="BLRSSH13852621" ignored="0" name="Home Page Test" tests="1" failures="1" timestamp="06 Mar 2018 04:16:47 GMT" time="4.615" errors="0">
  <testcase name="homeTest" time="4.23" classname="com.wordpress.testcases.HomePageTest">
    <failure type="java.lang.NullPointerException">
      <![CDATA[java.lang.NullPointerException
	at com.wordpress.pages.LaunchPage.gotoDemoSite(LaunchPage.java:26)
	at com.wordpress.testcases.HomePageTest.homeTest(HomePageTest.java:36)
	at java.util.concurrent.FutureTask.run(FutureTask.java:266)
	at java.util.concurrent.ThreadPoolExecutor.runWorker(ThreadPoolExecutor.java:1149)
	at java.util.concurrent.ThreadPoolExecutor$Worker.run(ThreadPoolExecutor.java:624)
	at java.lang.Thread.run(Thread.java:748)
... Removed 16 stack frames]]>
    </failure>
  </testcase> <!-- homeTest -->
</testsuite> <!-- Home Page Test -->
