<?xml version="1.0" encoding="UTF-8"?>
<!-- Generated by org.testng.reporters.JUnitXMLReporter -->
<testsuite hostname="BLRSSH13852621" ignored="0" name="Posts Page Test" tests="3" failures="3" timestamp="06 Mar 2018 04:16:55 GMT" time="12.861" errors="0">
  <testcase name="addnewPostsTest" time="3.782" classname="com.wordpress.testcases.PostsPageTest">
    <failure type="java.lang.NullPointerException">
      <![CDATA[java.lang.NullPointerException
	at com.wordpress.pages.LaunchPage.gotoDemoSite(LaunchPage.java:26)
	at com.wordpress.testcases.PostsPageTest.addnewPostsTest(PostsPageTest.java:80)
	at java.util.concurrent.FutureTask.run(FutureTask.java:266)
	at java.util.concurrent.ThreadPoolExecutor.runWorker(ThreadPoolExecutor.java:1149)
	at java.util.concurrent.ThreadPoolExecutor$Worker.run(ThreadPoolExecutor.java:624)
	at java.lang.Thread.run(Thread.java:748)
... Removed 16 stack frames]]>
    </failure>
  </testcase> <!-- addnewPostsTest -->
  <testcase name="addnewPostsTest" time="3.857" classname="com.wordpress.testcases.PostsPageTest">
    <failure type="java.lang.NullPointerException">
      <![CDATA[java.lang.NullPointerException
	at com.wordpress.pages.LaunchPage.gotoDemoSite(LaunchPage.java:26)
	at com.wordpress.testcases.PostsPageTest.addnewPostsTest(PostsPageTest.java:80)
	at java.util.concurrent.FutureTask.run(FutureTask.java:266)
	at java.util.concurrent.ThreadPoolExecutor.runWorker(ThreadPoolExecutor.java:1149)
	at java.util.concurrent.ThreadPoolExecutor$Worker.run(ThreadPoolExecutor.java:624)
	at java.lang.Thread.run(Thread.java:748)
... Removed 16 stack frames]]>
    </failure>
  </testcase> <!-- addnewPostsTest -->
  <testcase name="addnewPostsTest" time="4.027" classname="com.wordpress.testcases.PostsPageTest">
    <failure type="java.lang.NullPointerException">
      <![CDATA[java.lang.NullPointerException
	at com.wordpress.pages.LaunchPage.gotoDemoSite(LaunchPage.java:26)
	at com.wordpress.testcases.PostsPageTest.addnewPostsTest(PostsPageTest.java:80)
	at java.util.concurrent.FutureTask.run(FutureTask.java:266)
	at java.util.concurrent.ThreadPoolExecutor.runWorker(ThreadPoolExecutor.java:1149)
	at java.util.concurrent.ThreadPoolExecutor$Worker.run(ThreadPoolExecutor.java:624)
	at java.lang.Thread.run(Thread.java:748)
... Removed 16 stack frames]]>
    </failure>
  </testcase> <!-- addnewPostsTest -->
</testsuite> <!-- Posts Page Test -->
