<?xml version="1.0" encoding="UTF-8" ?>
<testsuite tests="4" failures="0" name="TestSuite" time="105.094" errors="0" skipped="0">
  <properties>
[...]
</properties>
  <testcase classname="com.wordpress.testcases.HomePageTest" name="homeTest" time="21.065"/>
  <testcase classname="com.wordpress.testcases.PostsPageTest" name="addnewPostsTest" time="27.972"/>
  <testcase classname="com.wordpress.testcases.PostsPageTest" name="addnewPostsTest" time="28.791"/>
  <testcase classname="com.wordpress.testcases.PostsPageTest" name="addnewPostsTest" time="27.266"/>
</testsuite>